# JRE version: OpenJDK Runtime Environment (8.0_202-b03) (build 1.8.0_202-release-1483-b03)
# Java VM: OpenJDK 64-Bit Server VM (25.202-b03 mixed mode windows-amd64 compressed oops)
Heap:
 PSYoungGen      total 266240K, used 266229K [0x00000000e0000000, 0x00000000f2d80000, 0x0000000100000000)
  eden space 236032K, 100% used [0x00000000e0000000,0x00000000ee680000,0x00000000ee680000)
  from space 30208K, 99% used [0x00000000eea00000,0x00000000f077d648,0x00000000f0780000)
  to   space 36352K, 99% used [0x00000000f0a00000,0x00000000f2d78258,0x00000000f2d80000)
 ParOldGen       total 528384K, used 50327K [0x00000000a0000000, 0x00000000c0400000, 0x00000000e0000000)
  object space 528384K, 9% used [0x00000000a0000000,0x00000000a3125ee0,0x00000000c0400000)
 Metaspace       used 82690K, capacity 87082K, committed 87256K, reserved 1124352K
  class space    used 11171K, capacity 11999K, committed 12032K, reserved 1048576K
GC Heap History (10 events):
Event: 6.859 GC heap after
Heap after GC invocations=8 (full 2):
 PSYoungGen      total 271872K, used 20676K [0x00000000e0000000, 0x00000000f2e00000, 0x0000000100000000)
  eden space 250368K, 0% used [0x00000000e0000000,0x00000000e0000000,0x00000000ef480000)
  from space 21504K, 96% used [0x00000000f0c00000,0x00000000f2031218,0x00000000f2100000)
  to   space 24064K, 0% used [0x00000000ef480000,0x00000000ef480000,0x00000000f0c00000)
 ParOldGen       total 352768K, used 19670K [0x00000000a0000000, 0x00000000b5880000, 0x00000000e0000000)
  object space 352768K, 5% used [0x00000000a0000000,0x00000000a1335b30,0x00000000b5880000)
 Metaspace       used 57172K, capacity 58878K, committed 59028K, reserved 1099776K
  class space    used 7786K, capacity 8165K, committed 8192K, reserved 1048576K
}
Event: 6.859 GC heap before
{Heap before GC invocations=9 (full 3):
 PSYoungGen      total 271872K, used 20676K [0x00000000e0000000, 0x00000000f2e00000, 0x0000000100000000)
  eden space 250368K, 0% used [0x00000000e0000000,0x00000000e0000000,0x00000000ef480000)
  from space 21504K, 96% used [0x00000000f0c00000,0x00000000f2031218,0x00000000f2100000)
  to   space 24064K, 0% used [0x00000000ef480000,0x00000000ef480000,0x00000000f0c00000)
 ParOldGen       total 352768K, used 19670K [0x00000000a0000000, 0x00000000b5880000, 0x00000000e0000000)
  object space 352768K, 5% used [0x00000000a0000000,0x00000000a1335b30,0x00000000b5880000)
 Metaspace       used 57172K, capacity 58878K, committed 59028K, reserved 1099776K
  class space    used 7786K, capacity 8165K, committed 8192K, reserved 1048576K
Event: 7.042 GC heap after
Heap after GC invocations=9 (full 3):
 PSYoungGen      total 271872K, used 0K [0x00000000e0000000, 0x00000000f2e00000, 0x0000000100000000)
  eden space 250368K, 0% used [0x00000000e0000000,0x00000000e0000000,0x00000000ef480000)
  from space 21504K, 0% used [0x00000000f0c00000,0x00000000f0c00000,0x00000000f2100000)
  to   space 24064K, 0% used [0x00000000ef480000,0x00000000ef480000,0x00000000f0c00000)
 ParOldGen       total 528384K, used 35056K [0x00000000a0000000, 0x00000000c0400000, 0x00000000e0000000)
  object space 528384K, 6% used [0x00000000a0000000,0x00000000a223c078,0x00000000c0400000)
 Metaspace       used 57058K, capacity 58592K, committed 59028K, reserved 1099776K
  class space    used 7754K, capacity 8108K, committed 8192K, reserved 1048576K
}
Event: 9713.408 GC heap before
{Heap before GC invocations=10 (full 3):
 PSYoungGen      total 271872K, used 250368K [0x00000000e0000000, 0x00000000f2e00000, 0x0000000100000000)
  eden space 250368K, 100% used [0x00000000e0000000,0x00000000ef480000,0x00000000ef480000)
  from space 21504K, 0% used [0x00000000f0c00000,0x00000000f0c00000,0x00000000f2100000)
  to   space 24064K, 0% used [0x00000000ef480000,0x00000000ef480000,0x00000000f0c00000)
 ParOldGen       total 528384K, used 35056K [0x00000000a0000000, 0x00000000c0400000, 0x00000000e0000000)
  object space 528384K, 6% used [0x00000000a0000000,0x00000000a223c078,0x00000000c0400000)
 Metaspace       used 63303K, capacity 65660K, committed 65752K, reserved 1105920K
  class space    used 8346K, capacity 8872K, committed 8960K, reserved 1048576K
Event: 9713.417 GC heap after
Heap after GC invocations=10 (full 3):
 PSYoungGen      total 259584K, used 12984K [0x00000000e0000000, 0x00000000f1e80000, 0x0000000100000000)
  eden space 246272K, 0% used [0x00000000e0000000,0x00000000e0000000,0x00000000ef080000)
  from space 13312K, 97% used [0x00000000ef480000,0x00000000f012e158,0x00000000f0180000)
  to   space 23552K, 0% used [0x00000000f0780000,0x00000000f0780000,0x00000000f1e80000)
 ParOldGen       total 528384K, used 35064K [0x00000000a0000000, 0x00000000c0400000, 0x00000000e0000000)
  object space 528384K, 6% used [0x00000000a0000000,0x00000000a223e078,0x00000000c0400000)
 Metaspace       used 63303K, capacity 65660K, committed 65752K, reserved 1105920K
  class space    used 8346K, capacity 8872K, committed 8960K, reserved 1048576K
}
Event: 9715.229 GC heap before
{Heap before GC invocations=11 (full 3):
 PSYoungGen      total 259584K, used 259256K [0x00000000e0000000, 0x00000000f1e80000, 0x0000000100000000)
  eden space 246272K, 100% used [0x00000000e0000000,0x00000000ef080000,0x00000000ef080000)
  from space 13312K, 97% used [0x00000000ef480000,0x00000000f012e158,0x00000000f0180000)
  to   space 23552K, 0% used [0x00000000f0780000,0x00000000f0780000,0x00000000f1e80000)
 ParOldGen       total 528384K, used 35064K [0x00000000a0000000, 0x00000000c0400000, 0x00000000e0000000)
  object space 528384K, 6% used [0x00000000a0000000,0x00000000a223e078,0x00000000c0400000)
 Metaspace       used 70219K, capacity 72746K, committed 73048K, reserved 1112064K
  class space    used 9194K, capacity 9745K, committed 9856K, reserved 1048576K
Event: 9715.248 GC heap after
Heap after GC invocations=11 (full 3):
 PSYoungGen      total 263168K, used 23536K [0x00000000e0000000, 0x00000000f2780000, 0x0000000100000000)
  eden space 239616K, 0% used [0x00000000e0000000,0x00000000e0000000,0x00000000eea00000)
  from space 23552K, 99% used [0x00000000f0780000,0x00000000f1e7c198,0x00000000f1e80000)
  to   space 30208K, 0% used [0x00000000eea00000,0x00000000eea00000,0x00000000f0780000)
 ParOldGen       total 528384K, used 44086K [0x00000000a0000000, 0x00000000c0400000, 0x00000000e0000000)
  object space 528384K, 8% used [0x00000000a0000000,0x00000000a2b0da70,0x00000000c0400000)
 Metaspace       used 70219K, capacity 72746K, committed 73048K, reserved 1112064K
  class space    used 9194K, capacity 9745K, committed 9856K, reserved 1048576K
}
Event: 9716.946 GC heap before
{Heap before GC invocations=12 (full 3):
 PSYoungGen      total 263168K, used 263152K [0x00000000e0000000, 0x00000000f2780000, 0x0000000100000000)
  eden space 239616K, 100% used [0x00000000e0000000,0x00000000eea00000,0x00000000eea00000)
  from space 23552K, 99% used [0x00000000f0780000,0x00000000f1e7c198,0x00000000f1e80000)
  to   space 30208K, 0% used [0x00000000eea00000,0x00000000eea00000,0x00000000f0780000)
 ParOldGen       total 528384K, used 44086K [0x00000000a0000000, 0x00000000c0400000, 0x00000000e0000000)
  object space 528384K, 8% used [0x00000000a0000000,0x00000000a2b0da70,0x00000000c0400000)
 Metaspace       used 80700K, capacity 84830K, committed 84952K, reserved 1122304K
  class space    used 10918K, capacity 11707K, committed 11776K, reserved 1048576K
Event: 9716.960 GC heap after
Heap after GC invocations=12 (full 3):
 PSYoungGen      total 266240K, used 30197K [0x00000000e0000000, 0x00000000f2d80000, 0x0000000100000000)
  eden space 236032K, 0% used [0x00000000e0000000,0x00000000e0000000,0x00000000ee680000)
  from space 30208K, 99% used [0x00000000eea00000,0x00000000f077d648,0x00000000f0780000)
  to   space 36352K, 0% used [0x00000000f0a00000,0x00000000f0a00000,0x00000000f2d80000)
 ParOldGen       total 528384K, used 50279K [0x00000000a0000000, 0x00000000c0400000, 0x00000000e0000000)
  object space 528384K, 9% used [0x00000000a0000000,0x00000000a3119ee0,0x00000000c0400000)
 Metaspace       used 80700K, capacity 84830K, committed 84952K, reserved 1122304K
  class space    used 10918K, capacity 11707K, committed 11776K, reserved 1048576K
}
Event: 10070.863 GC heap before
{Heap before GC invocations=13 (full 3):
 PSYoungGen      total 266240K, used 266229K [0x00000000e0000000, 0x00000000f2d80000, 0x0000000100000000)
  eden space 236032K, 100% used [0x00000000e0000000,0x00000000ee680000,0x00000000ee680000)
  from space 30208K, 99% used [0x00000000eea00000,0x00000000f077d648,0x00000000f0780000)
  to   space 36352K, 0% used [0x00000000f0a00000,0x00000000f0a00000,0x00000000f2d80000)
 ParOldGen       total 528384K, used 50279K [0x00000000a0000000, 0x00000000c0400000, 0x00000000e0000000)
  object space 528384K, 9% used [0x00000000a0000000,0x00000000a3119ee0,0x00000000c0400000)
 Metaspace       used 82690K, capacity 87082K, committed 87256K, reserved 1124352K
  class space    used 11171K, capacity 11999K, committed 12032K, reserved 1048576K

